  main.cpp
D:\CodeData\VisualStudio\RC522Server\main.cpp(170,6): warning C4101: “iSendResult”: 未引用的局部变量
D:\CodeData\VisualStudio\RC522Server\main.cpp(384,65): warning C4267: “参数”: 从“size_t”转换到“int”，可能丢失数据
D:\CodeData\VisualStudio\RC522Server\main.cpp(322,5): warning C4996: 'strcat': This function or variable may be unsafe. Consider using strcat_s instead. To disable deprecation, use _CRT_SECURE_NO_WARNINGS. See online help for details.
D:\CodeData\VisualStudio\RC522Server\main.cpp(323,5): warning C4996: 'strcat': This function or variable may be unsafe. Consider using strcat_s instead. To disable deprecation, use _CRT_SECURE_NO_WARNINGS. See online help for details.
D:\CodeData\VisualStudio\RC522Server\main.cpp(324,5): warning C4996: 'strcat': This function or variable may be unsafe. Consider using strcat_s instead. To disable deprecation, use _CRT_SECURE_NO_WARNINGS. See online help for details.
D:\CodeData\VisualStudio\RC522Server\main.cpp(334,6): warning C4996: 'strcat': This function or variable may be unsafe. Consider using strcat_s instead. To disable deprecation, use _CRT_SECURE_NO_WARNINGS. See online help for details.
D:\CodeData\VisualStudio\RC522Server\main.cpp(335,6): warning C4996: 'strcat': This function or variable may be unsafe. Consider using strcat_s instead. To disable deprecation, use _CRT_SECURE_NO_WARNINGS. See online help for details.
D:\CodeData\VisualStudio\RC522Server\main.cpp(336,6): warning C4996: 'strcat': This function or variable may be unsafe. Consider using strcat_s instead. To disable deprecation, use _CRT_SECURE_NO_WARNINGS. See online help for details.
D:\CodeData\VisualStudio\RC522Server\main.cpp(343,6): warning C4996: 'strcat': This function or variable may be unsafe. Consider using strcat_s instead. To disable deprecation, use _CRT_SECURE_NO_WARNINGS. See online help for details.
D:\CodeData\VisualStudio\RC522Server\main.cpp(344,6): warning C4996: 'strcat': This function or variable may be unsafe. Consider using strcat_s instead. To disable deprecation, use _CRT_SECURE_NO_WARNINGS. See online help for details.
D:\CodeData\VisualStudio\RC522Server\main.cpp(345,6): warning C4996: 'strcat': This function or variable may be unsafe. Consider using strcat_s instead. To disable deprecation, use _CRT_SECURE_NO_WARNINGS. See online help for details.
D:\CodeData\VisualStudio\RC522Server\main.cpp(363,5): warning C4996: 'strcat': This function or variable may be unsafe. Consider using strcat_s instead. To disable deprecation, use _CRT_SECURE_NO_WARNINGS. See online help for details.
D:\CodeData\VisualStudio\RC522Server\main.cpp(364,5): warning C4996: 'strcat': This function or variable may be unsafe. Consider using strcat_s instead. To disable deprecation, use _CRT_SECURE_NO_WARNINGS. See online help for details.
D:\CodeData\VisualStudio\RC522Server\main.cpp(365,5): warning C4996: 'strcat': This function or variable may be unsafe. Consider using strcat_s instead. To disable deprecation, use _CRT_SECURE_NO_WARNINGS. See online help for details.
D:\CodeData\VisualStudio\RC522Server\main.cpp(448,63): warning C4267: “参数”: 从“size_t”转换到“int”，可能丢失数据
D:\CodeData\VisualStudio\RC522Server\main.cpp(443,4): warning C4996: 'strcpy': This function or variable may be unsafe. Consider using strcpy_s instead. To disable deprecation, use _CRT_SECURE_NO_WARNINGS. See online help for details.
D:\CodeData\VisualStudio\RC522Server\main.cpp(447,4): warning C4996: 'strcat': This function or variable may be unsafe. Consider using strcat_s instead. To disable deprecation, use _CRT_SECURE_NO_WARNINGS. See online help for details.
D:\CodeData\VisualStudio\RC522Server\main.cpp(482,14): warning C4996: 'localtime': This function or variable may be unsafe. Consider using localtime_s instead. To disable deprecation, use _CRT_SECURE_NO_WARNINGS. See online help for details.
D:\CodeData\VisualStudio\RC522Server\main.cpp(504,3): warning C4996: 'strcat': This function or variable may be unsafe. Consider using strcat_s instead. To disable deprecation, use _CRT_SECURE_NO_WARNINGS. See online help for details.
D:\CodeData\VisualStudio\RC522Server\main.cpp(505,3): warning C4996: 'strcat': This function or variable may be unsafe. Consider using strcat_s instead. To disable deprecation, use _CRT_SECURE_NO_WARNINGS. See online help for details.
D:\CodeData\VisualStudio\RC522Server\main.cpp(506,3): warning C4996: 'strcat': This function or variable may be unsafe. Consider using strcat_s instead. To disable deprecation, use _CRT_SECURE_NO_WARNINGS. See online help for details.
  RC522Server.vcxproj -> D:\CodeData\VisualStudio\RC522Server\x64\Debug\RC522Server.exe
