d:\codedata\visualstudio\rc522server\x64\debug\vc142.pdb
d:\codedata\visualstudio\rc522server\x64\debug\vc142.idb
d:\coderepository\ide\visualstudio\rc522server\x64\debug\vc142.pdb
d:\coderepository\ide\visualstudio\rc522server\x64\debug\vc142.idb
d:\coderepository\ide\visualstudio\rc522server\x64\debug\md5.obj
d:\coderepository\ide\visualstudio\rc522server\x64\debug\config.obj
d:\coderepository\ide\visualstudio\rc522server\x64\debug\base64.obj
d:\coderepository\ide\visualstudio\rc522server\x64\debug\main.obj
d:\coderepository\ide\visualstudio\rc522server\x64\debug\csmtp.obj
d:\coderepository\ide\visualstudio\rc522server\x64\debug\rc522server.exe
d:\coderepository\ide\visualstudio\rc522server\x64\debug\rc522server.ilk
d:\coderepository\ide\visualstudio\rc522server\x64\debug\rc522server.pdb
d:\coderepository\ide\visualstudio\rc522server\x64\debug\testmailsender.obj
d:\coderepository\ide\visualstudio\rc522server\x64\debug\main.obj.enc
d:\coderepository\ide\visualstudio\rc522server\x64\debug\rc522server.tlog\cl.command.1.tlog
d:\coderepository\ide\visualstudio\rc522server\x64\debug\rc522server.tlog\cl.read.1.tlog
d:\coderepository\ide\visualstudio\rc522server\x64\debug\rc522server.tlog\cl.write.1.tlog
d:\coderepository\ide\visualstudio\rc522server\x64\debug\rc522server.tlog\link.command.1.tlog
d:\coderepository\ide\visualstudio\rc522server\x64\debug\rc522server.tlog\link.read.1.tlog
d:\coderepository\ide\visualstudio\rc522server\x64\debug\rc522server.tlog\link.write.1.tlog
